# JRE version: Java(TM) SE Runtime Environment (17.0.8+9) (build 17.0.8+9-LTS-211)
# Java VM: Java HotSpot(TM) 64-Bit Server VM (17.0.8+9-LTS-211, mixed mode, emulated-client, sharing, tiered, compressed oops, compressed class ptrs, g1 gc, windows-amd64)
GC Precious Log:
 CPUs: 16 total, 16 available
 Memory: 16021M
 Large Page Support: Disabled
 NUMA Support: Disabled
 Compressed Oops: Enabled (Zero based)
 Heap Region Size: 2M
 Heap Min Capacity: 8M
 Heap Initial Capacity: 252M
 Heap Max Capacity: 4006M
 Pre-touch: Disabled
 Parallel Workers: 13
 Concurrent Workers: 3
 Concurrent Refinement Workers: 13
 Periodic GC: Disabled
Heap:
 garbage-first heap   total 96256K, used 46891K [0x0000000705a00000, 0x0000000800000000)
  region size 2048K, 11 young (22528K), 1 survivors (2048K)
 Metaspace       used 47466K, committed 48064K, reserved 1114112K
  class space    used 6308K, committed 6592K, reserved 1048576K
GC Heap History (20 events):
Event: 1.264 GC heap before
{Heap before GC invocations=3 (full 0):
 garbage-first heap   total 258048K, used 30464K [0x0000000705a00000, 0x0000000800000000)
  region size 2048K, 12 young (24576K), 3 survivors (6144K)
 Metaspace       used 21215K, committed 21504K, reserved 1114112K
  class space    used 2809K, committed 2944K, reserved 1048576K
}
Event: 1.267 GC heap after
{Heap after GC invocations=4 (full 0):
 garbage-first heap   total 258048K, used 15004K [0x0000000705a00000, 0x0000000800000000)
  region size 2048K, 4 young (8192K), 4 survivors (8192K)
 Metaspace       used 21215K, committed 21504K, reserved 1114112K
  class space    used 2809K, committed 2944K, reserved 1048576K
}
Event: 1.561 GC heap before
{Heap before GC invocations=5 (full 0):
 garbage-first heap   total 61440K, used 43676K [0x0000000705a00000, 0x0000000800000000)
  region size 2048K, 19 young (38912K), 4 survivors (8192K)
 Metaspace       used 25229K, committed 25664K, reserved 1114112K
  class space    used 3465K, committed 3648K, reserved 1048576K
}
Event: 1.566 GC heap after
{Heap after GC invocations=6 (full 0):
 garbage-first heap   total 61440K, used 17829K [0x0000000705a00000, 0x0000000800000000)
  region size 2048K, 5 young (10240K), 5 survivors (10240K)
 Metaspace       used 25229K, committed 25664K, reserved 1114112K
  class space    used 3465K, committed 3648K, reserved 1048576K
}
Event: 1.582 GC heap before
{Heap before GC invocations=6 (full 0):
 garbage-first heap   total 61440K, used 19877K [0x0000000705a00000, 0x0000000800000000)
  region size 2048K, 6 young (12288K), 5 survivors (10240K)
 Metaspace       used 25363K, committed 25792K, reserved 1114112K
  class space    used 3480K, committed 3648K, reserved 1048576K
}
Event: 1.588 GC heap after
{Heap after GC invocations=7 (full 0):
 garbage-first heap   total 61440K, used 18937K [0x0000000705a00000, 0x0000000800000000)
  region size 2048K, 1 young (2048K), 1 survivors (2048K)
 Metaspace       used 25363K, committed 25792K, reserved 1114112K
  class space    used 3480K, committed 3648K, reserved 1048576K
}
Event: 1.777 GC heap before
{Heap before GC invocations=7 (full 0):
 garbage-first heap   total 61440K, used 41465K [0x0000000705a00000, 0x0000000800000000)
  region size 2048K, 12 young (24576K), 1 survivors (2048K)
 Metaspace       used 28224K, committed 28736K, reserved 1114112K
  class space    used 3824K, committed 4096K, reserved 1048576K
}
Event: 1.778 GC heap after
{Heap after GC invocations=8 (full 0):
 garbage-first heap   total 61440K, used 18973K [0x0000000705a00000, 0x0000000800000000)
  region size 2048K, 1 young (2048K), 1 survivors (2048K)
 Metaspace       used 28224K, committed 28736K, reserved 1114112K
  class space    used 3824K, committed 4096K, reserved 1048576K
}
Event: 1.992 GC heap before
{Heap before GC invocations=8 (full 0):
 garbage-first heap   total 61440K, used 43549K [0x0000000705a00000, 0x0000000800000000)
  region size 2048K, 13 young (26624K), 1 survivors (2048K)
 Metaspace       used 33164K, committed 33664K, reserved 1114112K
  class space    used 4504K, committed 4736K, reserved 1048576K
}
Event: 1.994 GC heap after
{Heap after GC invocations=9 (full 0):
 garbage-first heap   total 61440K, used 20941K [0x0000000705a00000, 0x0000000800000000)
  region size 2048K, 2 young (4096K), 2 survivors (4096K)
 Metaspace       used 33164K, committed 33664K, reserved 1114112K
  class space    used 4504K, committed 4736K, reserved 1048576K
}
Event: 2.186 GC heap before
{Heap before GC invocations=9 (full 0):
 garbage-first heap   total 61440K, used 35277K [0x0000000705a00000, 0x0000000800000000)
  region size 2048K, 10 young (20480K), 2 survivors (4096K)
 Metaspace       used 35662K, committed 36096K, reserved 1114112K
  class space    used 4792K, committed 4992K, reserved 1048576K
}
Event: 2.189 GC heap after
{Heap after GC invocations=10 (full 0):
 garbage-first heap   total 61440K, used 22985K [0x0000000705a00000, 0x0000000800000000)
  region size 2048K, 2 young (4096K), 2 survivors (4096K)
 Metaspace       used 35662K, committed 36096K, reserved 1114112K
  class space    used 4792K, committed 4992K, reserved 1048576K
}
Event: 2.401 GC heap before
{Heap before GC invocations=11 (full 0):
 garbage-first heap   total 61440K, used 43465K [0x0000000705a00000, 0x0000000800000000)
  region size 2048K, 12 young (24576K), 2 survivors (4096K)
 Metaspace       used 40138K, committed 40576K, reserved 1114112K
  class space    used 5426K, committed 5632K, reserved 1048576K
}
Event: 2.403 GC heap after
{Heap after GC invocations=12 (full 0):
 garbage-first heap   total 159744K, used 24588K [0x0000000705a00000, 0x0000000800000000)
  region size 2048K, 2 young (4096K), 2 survivors (4096K)
 Metaspace       used 40138K, committed 40576K, reserved 1114112K
  class space    used 5426K, committed 5632K, reserved 1048576K
}
Event: 3.930 GC heap before
{Heap before GC invocations=13 (full 0):
 garbage-first heap   total 96256K, used 75788K [0x0000000705a00000, 0x0000000800000000)
  region size 2048K, 28 young (57344K), 2 survivors (4096K)
 Metaspace       used 47433K, committed 47936K, reserved 1114112K
  class space    used 6302K, committed 6528K, reserved 1048576K
}
Event: 3.933 GC heap after
{Heap after GC invocations=14 (full 0):
 garbage-first heap   total 96256K, used 28594K [0x0000000705a00000, 0x0000000800000000)
  region size 2048K, 4 young (8192K), 4 survivors (8192K)
 Metaspace       used 47433K, committed 47936K, reserved 1114112K
  class space    used 6302K, committed 6528K, reserved 1048576K
}
Event: 4.111 GC heap before
{Heap before GC invocations=14 (full 0):
 garbage-first heap   total 96256K, used 30642K [0x0000000705a00000, 0x0000000800000000)
  region size 2048K, 5 young (10240K), 4 survivors (8192K)
 Metaspace       used 47459K, committed 48064K, reserved 1114112K
  class space    used 6307K, committed 6592K, reserved 1048576K
}
Event: 4.114 GC heap after
{Heap after GC invocations=15 (full 0):
 garbage-first heap   total 96256K, used 29314K [0x0000000705a00000, 0x0000000800000000)
  region size 2048K, 1 young (2048K), 1 survivors (2048K)
 Metaspace       used 47459K, committed 48064K, reserved 1114112K
  class space    used 6307K, committed 6592K, reserved 1048576K
}
Event: 8.831 GC heap before
{Heap before GC invocations=15 (full 0):
 garbage-first heap   total 96256K, used 72322K [0x0000000705a00000, 0x0000000800000000)
  region size 2048K, 22 young (45056K), 1 survivors (2048K)
 Metaspace       used 47465K, committed 48064K, reserved 1114112K
  class space    used 6308K, committed 6592K, reserved 1048576K
}
Event: 8.832 GC heap after
{Heap after GC invocations=16 (full 0):
 garbage-first heap   total 96256K, used 28459K [0x0000000705a00000, 0x0000000800000000)
  region size 2048K, 1 young (2048K), 1 survivors (2048K)
 Metaspace       used 47465K, committed 48064K, reserved 1114112K
  class space    used 6308K, committed 6592K, reserved 1048576K
}

