# JRE version: Java(TM) SE Runtime Environment (17.0.8+9) (build 17.0.8+9-LTS-211)
# Java VM: Java HotSpot(TM) 64-Bit Server VM (17.0.8+9-LTS-211, mixed mode, emulated-client, sharing, tiered, compressed oops, compressed class ptrs, g1 gc, windows-amd64)
GC Precious Log:
 CPUs: 16 total, 16 available
 Memory: 16021M
 Large Page Support: Disabled
 NUMA Support: Disabled
 Compressed Oops: Enabled (Zero based)
 Heap Region Size: 2M
 Heap Min Capacity: 8M
 Heap Initial Capacity: 252M
 Heap Max Capacity: 4006M
 Pre-touch: Disabled
 Parallel Workers: 13
 Concurrent Workers: 3
 Concurrent Refinement Workers: 13
 Periodic GC: Disabled
Heap:
 garbage-first heap   total 159744K, used 77752K [0x0000000705a00000, 0x0000000800000000)
  region size 2048K, 29 young (59392K), 2 survivors (4096K)
 Metaspace       used 43640K, committed 44224K, reserved 1114112K
  class space    used 5849K, committed 6144K, reserved 1048576K
GC Heap History (20 events):
Event: 0.651 GC heap before
{Heap before GC invocations=1 (full 0):
 garbage-first heap   total 258048K, used 28165K [0x0000000705a00000, 0x0000000800000000)
  region size 2048K, 13 young (26624K), 2 survivors (4096K)
 Metaspace       used 11653K, committed 11968K, reserved 1114112K
  class space    used 1563K, committed 1728K, reserved 1048576K
}
Event: 0.654 GC heap after
{Heap after GC invocations=2 (full 0):
 garbage-first heap   total 258048K, used 9601K [0x0000000705a00000, 0x0000000800000000)
  region size 2048K, 1 young (2048K), 1 survivors (2048K)
 Metaspace       used 11653K, committed 11968K, reserved 1114112K
  class space    used 1563K, committed 1728K, reserved 1048576K
}
Event: 1.056 GC heap before
{Heap before GC invocations=2 (full 0):
 garbage-first heap   total 258048K, used 62849K [0x0000000705a00000, 0x0000000800000000)
  region size 2048K, 28 young (57344K), 1 survivors (2048K)
 Metaspace       used 19073K, committed 19392K, reserved 1114112K
  class space    used 2521K, committed 2688K, reserved 1048576K
}
Event: 1.059 GC heap after
{Heap after GC invocations=3 (full 0):
 garbage-first heap   total 258048K, used 13968K [0x0000000705a00000, 0x0000000800000000)
  region size 2048K, 3 young (6144K), 3 survivors (6144K)
 Metaspace       used 19073K, committed 19392K, reserved 1114112K
  class space    used 2521K, committed 2688K, reserved 1048576K
}
Event: 1.170 GC heap before
{Heap before GC invocations=3 (full 0):
 garbage-first heap   total 258048K, used 28304K [0x0000000705a00000, 0x0000000800000000)
  region size 2048K, 11 young (22528K), 3 survivors (6144K)
 Metaspace       used 21216K, committed 21504K, reserved 1114112K
  class space    used 2811K, committed 2944K, reserved 1048576K
}
Event: 1.172 GC heap after
{Heap after GC invocations=4 (full 0):
 garbage-first heap   total 258048K, used 14941K [0x0000000705a00000, 0x0000000800000000)
  region size 2048K, 4 young (8192K), 4 survivors (8192K)
 Metaspace       used 21216K, committed 21504K, reserved 1114112K
  class space    used 2811K, committed 2944K, reserved 1048576K
}
Event: 1.456 GC heap before
{Heap before GC invocations=5 (full 0):
 garbage-first heap   total 61440K, used 43613K [0x0000000705a00000, 0x0000000800000000)
  region size 2048K, 19 young (38912K), 4 survivors (8192K)
 Metaspace       used 25245K, committed 25664K, reserved 1114112K
  class space    used 3465K, committed 3648K, reserved 1048576K
}
Event: 1.461 GC heap after
{Heap after GC invocations=6 (full 0):
 garbage-first heap   total 61440K, used 17590K [0x0000000705a00000, 0x0000000800000000)
  region size 2048K, 5 young (10240K), 5 survivors (10240K)
 Metaspace       used 25245K, committed 25664K, reserved 1114112K
  class space    used 3465K, committed 3648K, reserved 1048576K
}
Event: 1.480 GC heap before
{Heap before GC invocations=6 (full 0):
 garbage-first heap   total 61440K, used 19638K [0x0000000705a00000, 0x0000000800000000)
  region size 2048K, 6 young (12288K), 5 survivors (10240K)
 Metaspace       used 25421K, committed 25792K, reserved 1114112K
  class space    used 3489K, committed 3648K, reserved 1048576K
}
Event: 1.487 GC heap after
{Heap after GC invocations=7 (full 0):
 garbage-first heap   total 61440K, used 18701K [0x0000000705a00000, 0x0000000800000000)
  region size 2048K, 1 young (2048K), 1 survivors (2048K)
 Metaspace       used 25421K, committed 25792K, reserved 1114112K
  class space    used 3489K, committed 3648K, reserved 1048576K
}
Event: 1.681 GC heap before
{Heap before GC invocations=7 (full 0):
 garbage-first heap   total 61440K, used 41229K [0x0000000705a00000, 0x0000000800000000)
  region size 2048K, 12 young (24576K), 1 survivors (2048K)
 Metaspace       used 28503K, committed 28992K, reserved 1114112K
  class space    used 3872K, committed 4096K, reserved 1048576K
}
Event: 1.682 GC heap after
{Heap after GC invocations=8 (full 0):
 garbage-first heap   total 61440K, used 18973K [0x0000000705a00000, 0x0000000800000000)
  region size 2048K, 1 young (2048K), 1 survivors (2048K)
 Metaspace       used 28503K, committed 28992K, reserved 1114112K
  class space    used 3872K, committed 4096K, reserved 1048576K
}
Event: 1.963 GC heap before
{Heap before GC invocations=8 (full 0):
 garbage-first heap   total 61440K, used 43549K [0x0000000705a00000, 0x0000000800000000)
  region size 2048K, 13 young (26624K), 1 survivors (2048K)
 Metaspace       used 30821K, committed 31232K, reserved 1114112K
  class space    used 4202K, committed 4416K, reserved 1048576K
}
Event: 1.964 GC heap after
{Heap after GC invocations=9 (full 0):
 garbage-first heap   total 61440K, used 20773K [0x0000000705a00000, 0x0000000800000000)
  region size 2048K, 2 young (4096K), 2 survivors (4096K)
 Metaspace       used 30821K, committed 31232K, reserved 1114112K
  class space    used 4202K, committed 4416K, reserved 1048576K
}
Event: 2.136 GC heap before
{Heap before GC invocations=9 (full 0):
 garbage-first heap   total 61440K, used 39205K [0x0000000705a00000, 0x0000000800000000)
  region size 2048K, 12 young (24576K), 2 survivors (4096K)
 Metaspace       used 35628K, committed 36096K, reserved 1114112K
  class space    used 4797K, committed 4992K, reserved 1048576K
}
Event: 2.138 GC heap after
{Heap after GC invocations=10 (full 0):
 garbage-first heap   total 61440K, used 23223K [0x0000000705a00000, 0x0000000800000000)
  region size 2048K, 2 young (4096K), 2 survivors (4096K)
 Metaspace       used 35628K, committed 36096K, reserved 1114112K
  class space    used 4797K, committed 4992K, reserved 1048576K
}
Event: 2.296 GC heap before
{Heap before GC invocations=11 (full 0):
 garbage-first heap   total 61440K, used 43703K [0x0000000705a00000, 0x0000000800000000)
  region size 2048K, 12 young (24576K), 2 survivors (4096K)
 Metaspace       used 38438K, committed 38848K, reserved 1114112K
  class space    used 5191K, committed 5376K, reserved 1048576K
}
Event: 2.298 GC heap after
{Heap after GC invocations=12 (full 0):
 garbage-first heap   total 61440K, used 25301K [0x0000000705a00000, 0x0000000800000000)
  region size 2048K, 1 young (2048K), 1 survivors (2048K)
 Metaspace       used 38438K, committed 38848K, reserved 1114112K
  class space    used 5191K, committed 5376K, reserved 1048576K
}
Event: 3.114 GC heap before
{Heap before GC invocations=12 (full 0):
 garbage-first heap   total 61440K, used 45781K [0x0000000705a00000, 0x0000000800000000)
  region size 2048K, 11 young (22528K), 1 survivors (2048K)
 Metaspace       used 42102K, committed 42688K, reserved 1114112K
  class space    used 5669K, committed 5952K, reserved 1048576K
}
Event: 3.116 GC heap after
{Heap after GC invocations=13 (full 0):
 garbage-first heap   total 159744K, used 26552K [0x0000000705a00000, 0x0000000800000000)
  region size 2048K, 2 young (4096K), 2 survivors (4096K)
 Metaspace       used 42102K, committed 42688K, reserved 1114112K
  class space    used 5669K, committed 5952K, reserved 1048576K
}

